<?xml version="1.0" encoding="UTF-8"?>
<testng-results ignored="0" total="2" passed="2" failed="0" skipped="0">
  <reporter-output>
  </reporter-output>
  <suite started-at="2023-11-25T09:26:18 IST" name="Default suite" finished-at="2023-11-25T09:26:18 IST" duration-ms="148">
    <groups>
    </groups>
    <test started-at="2023-11-25T09:26:18 IST" name="Default test" finished-at="2023-11-25T09:26:18 IST" duration-ms="148">
      <class name="Objects.UserNameTestCase">
        <test-method signature="add(java.lang.String,java.lang.String,java.lang.String)[pri:0, instance:Objects.UserNameTestCase@41e1e210]" started-at="2023-11-25T09:26:18 IST" name="add" data-provider="addvalue" finished-at="2023-11-25T09:26:18 IST" duration-ms="21" status="PASS">
          <params>
            <param index="0">
              <value>
                <![CDATA[Pratap]]>
              </value>
            </param>
            <param index="1">
              <value>
                <![CDATA[P@123]]>
              </value>
            </param>
            <param index="2">
              <value>
                <![CDATA[Login]]>
              </value>
            </param>
          </params>
          <reporter-output>
          </reporter-output>
        </test-method> <!-- add -->
        <test-method signature="add(java.lang.String,java.lang.String,java.lang.String)[pri:0, instance:Objects.UserNameTestCase@41e1e210]" started-at="2023-11-25T09:26:18 IST" name="add" data-provider="addvalue" finished-at="2023-11-25T09:26:18 IST" duration-ms="5" status="PASS">
          <params>
            <param index="0">
              <value>
                <![CDATA[Java]]>
              </value>
            </param>
            <param index="1">
              <value>
                <![CDATA[123]]>
              </value>
            </param>
            <param index="2">
              <value>
                <![CDATA[Fail]]>
              </value>
            </param>
          </params>
          <reporter-output>
          </reporter-output>
        </test-method> <!-- add -->
      </class> <!-- Objects.UserNameTestCase -->
    </test> <!-- Default test -->
  </suite> <!-- Default suite -->
</testng-results>
