<?xml version="1.0" encoding="UTF-8"?>
<testng-results ignored="0" total="2" passed="2" failed="0" skipped="0">
  <reporter-output>
  </reporter-output>
  <suite started-at="2023-11-01T10:49:40 IST" name="Default suite" finished-at="2023-11-01T10:49:40 IST" duration-ms="90">
    <groups>
    </groups>
    <test started-at="2023-11-01T10:49:40 IST" name="Default test" finished-at="2023-11-01T10:49:40 IST" duration-ms="90">
      <class name="Objects.MyTestNGDemo">
        <test-method is-config="true" signature="logintoapplication()[pri:0, instance:Objects.MyTestNGDemo@212b5695]" started-at="2023-11-01T10:49:40 IST" name="logintoapplication" finished-at="2023-11-01T10:49:40 IST" duration-ms="10" status="PASS">
          <reporter-output>
          </reporter-output>
        </test-method> <!-- logintoapplication -->
        <test-method signature="test1()[pri:1, instance:Objects.MyTestNGDemo@212b5695]" started-at="2023-11-01T10:49:40 IST" name="test1" description="this is login test" finished-at="2023-11-01T10:49:40 IST" duration-ms="14" status="PASS">
          <reporter-output>
          </reporter-output>
        </test-method> <!-- test1 -->
        <test-method signature="test2()[pri:2, instance:Objects.MyTestNGDemo@212b5695]" started-at="2023-11-01T10:49:40 IST" name="test2" description="this is logout test" finished-at="2023-11-01T10:49:40 IST" duration-ms="2" status="PASS">
          <reporter-output>
          </reporter-output>
        </test-method> <!-- test2 -->
        <test-method is-config="true" signature="logoutfromapplication()[pri:0, instance:Objects.MyTestNGDemo@212b5695]" started-at="2023-11-01T10:49:40 IST" name="logoutfromapplication" finished-at="2023-11-01T10:49:40 IST" duration-ms="1" status="PASS">
          <reporter-output>
          </reporter-output>
        </test-method> <!-- logoutfromapplication -->
      </class> <!-- Objects.MyTestNGDemo -->
    </test> <!-- Default test -->
  </suite> <!-- Default suite -->
</testng-results>
